
  .   ____          _            __ _ _
 /\\ / ___'_ __ _ _(_)_ __  __ _ \ \ \ \
( ( )\___ | '_ | '_| | '_ \/ _` | \ \ \ \
 \\/  ___)| |_)| | | | | || (_| |  ) ) ) )
  '  |____| .__|_| |_|_| |_\__, | / / / /
 =========|_|==============|___/=/_/_/_/
 :: Spring Boot ::        (v2.1.3.RELEASE)

2019-04-02 01:27:03.672  INFO 97936 --- [           main] c.c.api.CoffeeShopApiApplication         : Starting CoffeeShopApiApplication v1.0.0 on VAA-YGOSHIM-LT1 with PID 97936 (/Users/ygoshime/Documents/Projects/src/code-responsibly/api/jar/coffee-shop-api.jar started by ygoshime in /Users/ygoshime/Documents/Projects/src/code-responsibly/api)
2019-04-02 01:27:03.675  INFO 97936 --- [           main] c.c.api.CoffeeShopApiApplication         : No active profile set, falling back to default profiles: default
2019-04-02 01:27:04.240  INFO 97936 --- [           main] .s.d.r.c.RepositoryConfigurationDelegate : Bootstrapping Spring Data repositories in DEFAULT mode.
2019-04-02 01:27:04.294  INFO 97936 --- [           main] .s.d.r.c.RepositoryConfigurationDelegate : Finished Spring Data repository scanning in 49ms. Found 2 repository interfaces.
2019-04-02 01:27:04.894  INFO 97936 --- [           main] o.s.b.w.embedded.tomcat.TomcatWebServer  : Tomcat initialized with port(s): 10000 (http)
2019-04-02 01:27:04.923  INFO 97936 --- [           main] o.apache.catalina.core.StandardService   : Starting service [Tomcat]
2019-04-02 01:27:04.923  INFO 97936 --- [           main] org.apache.catalina.core.StandardEngine  : Starting Servlet engine: [Apache Tomcat/9.0.16]
2019-04-02 01:27:04.934  INFO 97936 --- [           main] o.a.catalina.core.AprLifecycleListener   : The APR based Apache Tomcat Native library which allows optimal performance in production environments was not found on the java.library.path: [/Users/ygoshime/Library/Java/Extensions:/Library/Java/Extensions:/Network/Library/Java/Extensions:/System/Library/Java/Extensions:/usr/lib/java:.]
2019-04-02 01:27:05.005  INFO 97936 --- [           main] o.a.c.c.C.[.[.[/coffee-shop-api]         : Initializing Spring embedded WebApplicationContext
2019-04-02 01:27:05.005  INFO 97936 --- [           main] o.s.web.context.ContextLoader            : Root WebApplicationContext: initialization completed in 1282 ms
2019-04-02 01:27:05.332  INFO 97936 --- [           main] org.mongodb.driver.cluster               : Cluster created with settings {hosts=[coffee-shop-db-cluster-shard-00-02-hj6uz.mongodb.net:27017, coffee-shop-db-cluster-shard-00-00-hj6uz.mongodb.net:27017, coffee-shop-db-cluster-shard-00-01-hj6uz.mongodb.net:27017], mode=MULTIPLE, requiredClusterType=REPLICA_SET, serverSelectionTimeout='30000 ms', maxWaitQueueSize=500, requiredReplicaSetName='coffee-shop-db-cluster-shard-0'}
2019-04-02 01:27:05.333  INFO 97936 --- [           main] org.mongodb.driver.cluster               : Adding discovered server coffee-shop-db-cluster-shard-00-02-hj6uz.mongodb.net:27017 to client view of cluster
2019-04-02 01:27:05.359  INFO 97936 --- [           main] org.mongodb.driver.cluster               : Adding discovered server coffee-shop-db-cluster-shard-00-00-hj6uz.mongodb.net:27017 to client view of cluster
2019-04-02 01:27:05.360  INFO 97936 --- [           main] org.mongodb.driver.cluster               : Adding discovered server coffee-shop-db-cluster-shard-00-01-hj6uz.mongodb.net:27017 to client view of cluster
2019-04-02 01:27:05.489  WARN 97936 --- [           main] o.s.d.m.c.m.BasicMongoPersistentProperty : Customizing field name for id property not allowed! Custom name will not be considered!
2019-04-02 01:27:05.818  INFO 97936 --- [           main] o.s.s.concurrent.ThreadPoolTaskExecutor  : Initializing ExecutorService 'applicationTaskExecutor'
2019-04-02 01:27:05.865  INFO 97936 --- [ngodb.net:27017] org.mongodb.driver.connection            : Opened connection [connectionId{localValue:1, serverValue:37312}] to coffee-shop-db-cluster-shard-00-01-hj6uz.mongodb.net:27017
2019-04-02 01:27:05.918  INFO 97936 --- [ngodb.net:27017] org.mongodb.driver.cluster               : Monitor thread successfully connected to server with description ServerDescription{address=coffee-shop-db-cluster-shard-00-01-hj6uz.mongodb.net:27017, type=REPLICA_SET_SECONDARY, state=CONNECTED, ok=true, version=ServerVersion{versionList=[4, 0, 6]}, minWireVersion=0, maxWireVersion=7, maxDocumentSize=16777216, logicalSessionTimeoutMinutes=30, roundTripTimeNanos=50399937, setName='coffee-shop-db-cluster-shard-0', canonicalAddress=coffee-shop-db-cluster-shard-00-01-hj6uz.mongodb.net:27017, hosts=[coffee-shop-db-cluster-shard-00-01-hj6uz.mongodb.net:27017, coffee-shop-db-cluster-shard-00-00-hj6uz.mongodb.net:27017, coffee-shop-db-cluster-shard-00-02-hj6uz.mongodb.net:27017], passives=[], arbiters=[], primary='coffee-shop-db-cluster-shard-00-00-hj6uz.mongodb.net:27017', tagSet=TagSet{[Tag{name='region', value='US_EAST_1'}, Tag{name='provider', value='AWS'}, Tag{name='nodeType', value='ELECTABLE'}]}, electionId=null, setVersion=1, lastWriteDate=Tue Apr 02 01:27:03 CDT 2019, lastUpdateTimeNanos=531461152706341}
2019-04-02 01:27:06.048  INFO 97936 --- [           main] o.s.b.w.embedded.tomcat.TomcatWebServer  : Tomcat started on port(s): 10000 (http) with context path '/coffee-shop-api'
2019-04-02 01:27:06.051  INFO 97936 --- [           main] c.c.api.CoffeeShopApiApplication         : Started CoffeeShopApiApplication in 2.754 seconds (JVM running for 3.208)
2019-04-02 01:27:06.099  INFO 97936 --- [ngodb.net:27017] org.mongodb.driver.connection            : Opened connection [connectionId{localValue:2, serverValue:50072}] to coffee-shop-db-cluster-shard-00-00-hj6uz.mongodb.net:27017
2019-04-02 01:27:06.150  INFO 97936 --- [ngodb.net:27017] org.mongodb.driver.cluster               : Monitor thread successfully connected to server with description ServerDescription{address=coffee-shop-db-cluster-shard-00-00-hj6uz.mongodb.net:27017, type=REPLICA_SET_PRIMARY, state=CONNECTED, ok=true, version=ServerVersion{versionList=[4, 0, 6]}, minWireVersion=0, maxWireVersion=7, maxDocumentSize=16777216, logicalSessionTimeoutMinutes=30, roundTripTimeNanos=50164024, setName='coffee-shop-db-cluster-shard-0', canonicalAddress=coffee-shop-db-cluster-shard-00-00-hj6uz.mongodb.net:27017, hosts=[coffee-shop-db-cluster-shard-00-01-hj6uz.mongodb.net:27017, coffee-shop-db-cluster-shard-00-00-hj6uz.mongodb.net:27017, coffee-shop-db-cluster-shard-00-02-hj6uz.mongodb.net:27017], passives=[], arbiters=[], primary='coffee-shop-db-cluster-shard-00-00-hj6uz.mongodb.net:27017', tagSet=TagSet{[Tag{name='region', value='US_EAST_1'}, Tag{name='provider', value='AWS'}, Tag{name='nodeType', value='ELECTABLE'}]}, electionId=7fffffff0000000000000001, setVersion=1, lastWriteDate=Tue Apr 02 01:27:03 CDT 2019, lastUpdateTimeNanos=531461385308280}
2019-04-02 01:27:06.150  INFO 97936 --- [ngodb.net:27017] org.mongodb.driver.cluster               : Setting max election id to 7fffffff0000000000000001 from replica set primary coffee-shop-db-cluster-shard-00-00-hj6uz.mongodb.net:27017
2019-04-02 01:27:06.150  INFO 97936 --- [ngodb.net:27017] org.mongodb.driver.cluster               : Setting max set version to 1 from replica set primary coffee-shop-db-cluster-shard-00-00-hj6uz.mongodb.net:27017
2019-04-02 01:27:06.150  INFO 97936 --- [ngodb.net:27017] org.mongodb.driver.cluster               : Discovered replica set primary coffee-shop-db-cluster-shard-00-00-hj6uz.mongodb.net:27017
2019-04-02 01:27:06.749  INFO 97936 --- [ngodb.net:27017] org.mongodb.driver.connection            : Opened connection [connectionId{localValue:3, serverValue:38333}] to coffee-shop-db-cluster-shard-00-02-hj6uz.mongodb.net:27017
2019-04-02 01:27:06.797  INFO 97936 --- [ngodb.net:27017] org.mongodb.driver.cluster               : Monitor thread successfully connected to server with description ServerDescription{address=coffee-shop-db-cluster-shard-00-02-hj6uz.mongodb.net:27017, type=REPLICA_SET_SECONDARY, state=CONNECTED, ok=true, version=ServerVersion{versionList=[4, 0, 6]}, minWireVersion=0, maxWireVersion=7, maxDocumentSize=16777216, logicalSessionTimeoutMinutes=30, roundTripTimeNanos=47312363, setName='coffee-shop-db-cluster-shard-0', canonicalAddress=coffee-shop-db-cluster-shard-00-02-hj6uz.mongodb.net:27017, hosts=[coffee-shop-db-cluster-shard-00-01-hj6uz.mongodb.net:27017, coffee-shop-db-cluster-shard-00-00-hj6uz.mongodb.net:27017, coffee-shop-db-cluster-shard-00-02-hj6uz.mongodb.net:27017], passives=[], arbiters=[], primary='coffee-shop-db-cluster-shard-00-00-hj6uz.mongodb.net:27017', tagSet=TagSet{[Tag{name='region', value='US_EAST_1'}, Tag{name='provider', value='AWS'}, Tag{name='nodeType', value='ELECTABLE'}]}, electionId=null, setVersion=1, lastWriteDate=Tue Apr 02 01:27:03 CDT 2019, lastUpdateTimeNanos=531462032608330}
2019-04-02 01:27:15.660  INFO 97936 --- [io-10000-exec-2] o.a.c.c.C.[.[.[/coffee-shop-api]         : Initializing Spring DispatcherServlet 'dispatcherServlet'
2019-04-02 01:27:15.660  INFO 97936 --- [io-10000-exec-2] o.s.web.servlet.DispatcherServlet        : Initializing Servlet 'dispatcherServlet'
2019-04-02 01:27:15.669  INFO 97936 --- [io-10000-exec-2] o.s.web.servlet.DispatcherServlet        : Completed initialization in 9 ms
2019-04-02 01:27:16.261  INFO 97936 --- [io-10000-exec-2] org.mongodb.driver.connection            : Opened connection [connectionId{localValue:4, serverValue:50071}] to coffee-shop-db-cluster-shard-00-00-hj6uz.mongodb.net:27017
2019-04-02 01:28:14.347  INFO 97936 --- [       Thread-2] o.s.s.concurrent.ThreadPoolTaskExecutor  : Shutting down ExecutorService 'applicationTaskExecutor'
2019-04-02 01:28:14.406  INFO 97936 --- [       Thread-2] org.mongodb.driver.connection            : Closed connection [connectionId{localValue:4, serverValue:50071}] to coffee-shop-db-cluster-shard-00-00-hj6uz.mongodb.net:27017 because the pool has been closed.
